TN:
SF:src/config/azure-config.ts
FN:54,getRequiredEnvVar
FNF:1
FNH:1
FNDA:17,getRequiredEnvVar
DA:1,1
DA:2,1
DA:5,1
DA:6,1
DA:9,1
DA:10,1
DA:12,1
DA:13,1
DA:14,1
DA:15,0
DA:17,1
DA:19,0
DA:20,0
DA:55,17
DA:56,17
DA:57,0
DA:59,17
DA:63,1
DA:71,1
DA:79,1
DA:86,1
DA:93,1
DA:94,1
DA:95,1
DA:96,1
DA:97,1
LF:26
LH:22
BRDA:14,0,0,0
BRDA:56,1,0,0
BRF:2
BRH:0
end_of_record
TN:
SF:src/handlers/FileHandler.ts
FN:13,(anonymous_6)
FN:34,(anonymous_7)
FN:42,(anonymous_8)
FN:71,(anonymous_9)
FN:115,(anonymous_10)
FN:135,(anonymous_11)
FN:197,(anonymous_12)
FN:279,(anonymous_13)
FN:312,(anonymous_14)
FN:348,(anonymous_15)
FN:382,(anonymous_16)
FNF:11
FNH:10
FNDA:93,(anonymous_6)
FNDA:6,(anonymous_7)
FNDA:9,(anonymous_8)
FNDA:9,(anonymous_9)
FNDA:9,(anonymous_10)
FNDA:9,(anonymous_11)
FNDA:9,(anonymous_12)
FNDA:9,(anonymous_13)
FNDA:4,(anonymous_14)
FNDA:2,(anonymous_15)
FNDA:0,(anonymous_16)
DA:1,1
DA:5,1
DA:7,1
DA:9,1
DA:14,93
DA:30,1
DA:32,6
DA:35,6
DA:36,6
DA:37,6
DA:39,6
DA:43,9
DA:49,9
DA:50,9
DA:57,9
DA:68,9
DA:69,9
DA:72,9
DA:73,9
DA:81,9
DA:87,9
DA:90,9
DA:91,0
DA:92,0
DA:93,0
DA:99,0
DA:105,0
DA:112,9
DA:116,9
DA:117,9
DA:120,7
DA:122,1
DA:124,1
DA:129,0
DA:131,0
DA:136,9
DA:141,9
DA:164,9
DA:165,9
DA:173,9
DA:181,9
DA:189,9
DA:198,9
DA:200,9
DA:201,9
DA:202,9
DA:208,9
DA:209,9
DA:210,0
DA:214,0
DA:215,0
DA:219,9
DA:222,9
DA:228,9
DA:235,9
DA:238,9
DA:239,0
DA:240,0
DA:246,0
DA:253,9
DA:254,9
DA:256,9
DA:262,9
DA:264,0
DA:269,0
DA:276,9
DA:280,9
DA:281,9
DA:287,9
DA:288,9
DA:289,0
DA:292,9
DA:293,9
DA:298,9
DA:300,0
DA:305,0
DA:313,4
DA:314,4
DA:319,4
DA:320,1
DA:321,1
DA:322,1
DA:325,3
DA:326,2
DA:327,0
DA:328,0
DA:329,0
DA:333,2
DA:344,2
DA:345,2
DA:346,2
DA:349,2
DA:350,2
DA:358,2
DA:359,2
DA:360,2
DA:368,2
DA:369,2
DA:370,2
DA:372,1
DA:378,1
DA:384,0
DA:385,0
DA:386,0
DA:387,0
DA:389,0
DA:395,0
DA:396,0
LF:108
LH:80
BRDA:14,0,0,93
BRDA:14,0,1,0
BRDA:90,1,0,0
BRDA:107,2,0,0
BRDA:107,2,1,0
BRDA:108,3,0,0
BRDA:108,3,1,0
BRDA:116,4,0,9
BRDA:116,4,1,0
BRDA:117,5,0,7
BRDA:117,5,1,7
BRDA:117,5,2,1
BRDA:117,5,3,1
BRDA:117,5,4,0
BRDA:117,5,5,0
BRDA:117,5,6,0
BRDA:117,5,7,0
BRDA:117,5,8,0
BRDA:164,6,0,9
BRDA:200,7,0,9
BRDA:200,7,1,0
BRDA:209,8,0,0
BRDA:209,9,0,9
BRDA:209,9,1,9
BRDA:219,10,0,9
BRDA:219,10,1,0
BRDA:238,11,0,0
BRDA:266,12,0,0
BRDA:266,12,1,0
BRDA:267,13,0,0
BRDA:267,13,1,0
BRDA:271,14,0,0
BRDA:271,14,1,0
BRDA:288,15,0,0
BRDA:302,16,0,0
BRDA:302,16,1,0
BRDA:303,17,0,0
BRDA:303,17,1,0
BRDA:307,18,0,0
BRDA:307,18,1,0
BRDA:319,19,0,1
BRDA:326,20,0,0
BRDA:358,21,0,2
BRDA:375,22,0,1
BRDA:375,22,1,0
BRDA:376,23,0,1
BRDA:376,23,1,0
BRDA:391,24,0,0
BRDA:391,24,1,0
BRF:49
BRH:15
end_of_record
